\BOOKMARK [1][-]{section.1}{\376\377\000I\000n\000t\000r\000o\000d\000u\000c\000t\000i\000o\000n}{}% 1
\BOOKMARK [2][-]{subsection.1.1}{\376\377\000T\000h\000e\000\040\000E\000x\000e\000c\000u\000t\000i\000o\000n\000-\000L\000a\000y\000e\000r\000\040\000F\000a\000l\000l\000a\000c\000y}{section.1}% 2
\BOOKMARK [2][-]{subsection.1.2}{\376\377\000N\000o\000e\000t\000i\000c\000\040\000B\000e\000f\000o\000r\000e\000\040\000P\000r\000a\000x\000i\000c}{section.1}% 3
\BOOKMARK [2][-]{subsection.1.3}{\376\377\000T\000h\000e\000\040\000L\000e\000a\000r\000n\000i\000n\000g\000\040\000D\000e\000l\000t\000a}{section.1}% 4
\BOOKMARK [2][-]{subsection.1.4}{\376\377\000E\000m\000p\000i\000r\000i\000c\000a\000:\000\040\000E\000p\000i\000s\000t\000e\000m\000i\000c\000\040\000I\000n\000f\000r\000a\000s\000t\000r\000u\000c\000t\000u\000r\000e\000\040\000f\000o\000r\000\040\000A\000I}{section.1}% 5
\BOOKMARK [2][-]{subsection.1.5}{\376\377\000C\000o\000n\000t\000r\000i\000b\000u\000t\000i\000o\000n\000s}{section.1}% 6
\BOOKMARK [2][-]{subsection.1.6}{\376\377\000P\000a\000p\000e\000r\000\040\000S\000t\000r\000u\000c\000t\000u\000r\000e}{section.1}% 7
\BOOKMARK [1][-]{section.2}{\376\377\000R\000e\000l\000a\000t\000e\000d\000\040\000W\000o\000r\000k}{}% 8
\BOOKMARK [2][-]{subsection.2.1}{\376\377\000A\000I\000\040\000C\000a\000l\000i\000b\000r\000a\000t\000i\000o\000n\000\040\000a\000n\000d\000\040\000C\000o\000n\000f\000i\000d\000e\000n\000c\000e}{section.2}% 9
\BOOKMARK [2][-]{subsection.2.2}{\376\377\000M\000e\000t\000a\000c\000o\000g\000n\000i\000t\000i\000o\000n\000\040\000i\000n\000\040\000A\000I\000\040\000S\000y\000s\000t\000e\000m\000s}{section.2}% 10
\BOOKMARK [2][-]{subsection.2.3}{\376\377\000U\000n\000c\000e\000r\000t\000a\000i\000n\000t\000y\000\040\000Q\000u\000a\000n\000t\000i\000f\000i\000c\000a\000t\000i\000o\000n}{section.2}% 11
\BOOKMARK [2][-]{subsection.2.4}{\376\377\000R\000L\000H\000F\000\040\000a\000n\000d\000\040\000A\000l\000i\000g\000n\000m\000e\000n\000t\000\040\000T\000r\000a\000i\000n\000i\000n\000g}{section.2}% 12
\BOOKMARK [2][-]{subsection.2.5}{\376\377\000H\000u\000m\000a\000n\000-\000A\000I\000\040\000C\000o\000l\000l\000a\000b\000o\000r\000a\000t\000i\000o\000n}{section.2}% 13
\BOOKMARK [2][-]{subsection.2.6}{\376\377\000P\000l\000a\000n\000n\000i\000n\000g\000\040\000a\000n\000d\000\040\000R\000e\000a\000s\000o\000n\000i\000n\000g\000\040\000i\000n\000\040\000L\000L\000M\000s}{section.2}% 14
\BOOKMARK [2][-]{subsection.2.7}{\376\377\000S\000e\000l\000f\000-\000A\000s\000s\000e\000s\000s\000m\000e\000n\000t\000\040\000W\000i\000t\000h\000o\000u\000t\000\040\000I\000n\000t\000r\000o\000s\000p\000e\000c\000t\000i\000o\000n}{section.2}% 15
\BOOKMARK [2][-]{subsection.2.8}{\376\377\000S\000u\000m\000m\000a\000r\000y}{section.2}% 16
\BOOKMARK [1][-]{section.3}{\376\377\000T\000h\000e\000o\000r\000e\000t\000i\000c\000a\000l\000\040\000F\000r\000a\000m\000e\000w\000o\000r\000k}{}% 17
\BOOKMARK [2][-]{subsection.3.1}{\376\377\000E\000p\000i\000s\000t\000e\000m\000i\000c\000\040\000V\000e\000c\000t\000o\000r\000s\000:\000\040\000A\000\040\000C\000o\000m\000p\000u\000t\000a\000t\000i\000o\000n\000a\000l\000\040\000T\000h\000e\000o\000r\000y\000\040\000o\000f\000\040\000K\000n\000o\000w\000i\000n\000g}{section.3}% 18
\BOOKMARK [3][-]{subsubsection.3.1.1}{\376\377\000T\000h\000e\000\040\000V\000e\000c\000t\000o\000r\000\040\000T\000a\000x\000o\000n\000o\000m\000y}{subsection.3.1}% 19
\BOOKMARK [3][-]{subsubsection.3.1.2}{\376\377\000F\000u\000n\000c\000t\000i\000o\000n\000a\000l\000\040\000S\000e\000l\000f\000-\000A\000s\000s\000e\000s\000s\000m\000e\000n\000t}{subsection.3.1}% 20
\BOOKMARK [3][-]{subsubsection.3.1.3}{\376\377\000C\000o\000n\000f\000i\000d\000e\000n\000c\000e\000\040\000C\000a\000l\000c\000u\000l\000a\000t\000i\000o\000n}{subsection.3.1}% 21
\BOOKMARK [2][-]{subsection.3.2}{\376\377\000N\000o\000e\000t\000i\000c\000\040\000a\000n\000d\000\040\000P\000r\000a\000x\000i\000c\000\040\000P\000h\000a\000s\000e\000s}{section.3}% 22
\BOOKMARK [3][-]{subsubsection.3.2.1}{\376\377\000N\000o\000e\000t\000i\000c\000\040\000P\000h\000a\000s\000e\000\040\000\050\000I\000n\000v\000e\000s\000t\000i\000g\000a\000t\000i\000o\000n\000\051}{subsection.3.2}% 23
\BOOKMARK [3][-]{subsubsection.3.2.2}{\376\377\000P\000r\000a\000x\000i\000c\000\040\000P\000h\000a\000s\000e\000\040\000\050\000E\000x\000e\000c\000u\000t\000i\000o\000n\000\051}{subsection.3.2}% 24
\BOOKMARK [3][-]{subsubsection.3.2.3}{\376\377\000T\000h\000e\000\040\000O\000r\000d\000e\000r\000i\000n\000g\000\040\000P\000r\000i\000n\000c\000i\000p\000l\000e}{subsection.3.2}% 25
\BOOKMARK [2][-]{subsection.3.3}{\376\377\000C\000o\000m\000p\000u\000t\000a\000t\000i\000o\000n\000a\000l\000\040\000E\000p\000i\000s\000t\000e\000m\000o\000l\000o\000g\000y}{section.3}% 26
\BOOKMARK [3][-]{subsubsection.3.3.1}{\376\377\000G\000r\000o\000u\000n\000d\000i\000n\000g\000\040\000i\000n\000\040\000T\000r\000a\000n\000s\000f\000o\000r\000m\000e\000r\000\040\000A\000r\000c\000h\000i\000t\000e\000c\000t\000u\000r\000e\000\040\000\050\000S\000p\000e\000c\000u\000l\000a\000t\000i\000v\000e\000\051}{subsection.3.3}% 27
\BOOKMARK [3][-]{subsubsection.3.3.2}{\376\377\000A\000r\000c\000h\000i\000t\000e\000c\000t\000u\000r\000e\000\040\000I\000n\000d\000e\000p\000e\000n\000d\000e\000n\000c\000e}{subsection.3.3}% 28
\BOOKMARK [3][-]{subsubsection.3.3.3}{\376\377\000F\000a\000l\000s\000i\000f\000i\000a\000b\000l\000e\000\040\000P\000r\000e\000d\000i\000c\000t\000i\000o\000n\000s}{subsection.3.3}% 29
\BOOKMARK [2][-]{subsection.3.4}{\376\377\000T\000h\000e\000\040\000O\000v\000e\000r\000c\000o\000n\000f\000i\000d\000e\000n\000c\000e\000\040\000T\000r\000a\000p}{section.3}% 30
\BOOKMARK [2][-]{subsection.3.5}{\376\377\000S\000u\000m\000m\000a\000r\000y}{section.3}% 31
\BOOKMARK [1][-]{section.4}{\376\377\000I\000m\000p\000l\000e\000m\000e\000n\000t\000a\000t\000i\000o\000n}{}% 32
\BOOKMARK [2][-]{subsection.4.1}{\376\377\000A\000r\000c\000h\000i\000t\000e\000c\000t\000u\000r\000e\000\040\000O\000v\000e\000r\000v\000i\000e\000w}{section.4}% 33
\BOOKMARK [2][-]{subsection.4.2}{\376\377\000T\000h\000e\000\040\000C\000A\000S\000C\000A\000D\000E\000\040\000W\000o\000r\000k\000f\000l\000o\000w}{section.4}% 34
\BOOKMARK [3][-]{subsubsection.4.2.1}{\376\377\000P\000R\000E\000F\000L\000I\000G\000H\000T\000\040\000P\000h\000a\000s\000e}{subsection.4.2}% 35
\BOOKMARK [3][-]{subsubsection.4.2.2}{\376\377\000C\000H\000E\000C\000K\000\040\000P\000h\000a\000s\000e\000\040\000\050\000S\000e\000n\000t\000i\000n\000e\000l\000\040\000G\000a\000t\000e\000\051}{subsection.4.2}% 36
\BOOKMARK [3][-]{subsubsection.4.2.3}{\376\377\000P\000O\000S\000T\000F\000L\000I\000G\000H\000T\000\040\000P\000h\000a\000s\000e}{subsection.4.2}% 37
\BOOKMARK [2][-]{subsection.4.3}{\376\377\000T\000h\000e\000\040\000S\000e\000n\000t\000i\000n\000e\000l\000\040\000P\000r\000o\000t\000o\000c\000o\000l}{section.4}% 38
\BOOKMARK [3][-]{subsubsection.4.3.1}{\376\377\000G\000a\000t\000e\000\040\000L\000o\000g\000i\000c}{subsection.4.3}% 39
\BOOKMARK [3][-]{subsubsection.4.3.2}{\376\377\000C\000a\000l\000i\000b\000r\000a\000t\000i\000o\000n\000\040\000I\000n\000t\000e\000g\000r\000a\000t\000i\000o\000n}{subsection.4.3}% 40
\BOOKMARK [2][-]{subsection.4.4}{\376\377\000B\000a\000y\000e\000s\000i\000a\000n\000\040\000B\000e\000l\000i\000e\000f\000\040\000M\000a\000n\000a\000g\000e\000m\000e\000n\000t}{section.4}% 41
\BOOKMARK [3][-]{subsubsection.4.4.1}{\376\377\000U\000p\000d\000a\000t\000e\000\040\000R\000u\000l\000e}{subsection.4.4}% 42
\BOOKMARK [3][-]{subsubsection.4.4.2}{\376\377\000C\000a\000l\000i\000b\000r\000a\000t\000i\000o\000n\000\040\000D\000e\000l\000t\000a}{subsection.4.4}% 43
\BOOKMARK [2][-]{subsection.4.5}{\376\377\000D\000a\000t\000a\000\040\000M\000o\000d\000e\000l}{section.4}% 44
\BOOKMARK [2][-]{subsection.4.6}{\376\377\000C\000L\000I\000\040\000I\000n\000t\000e\000r\000f\000a\000c\000e}{section.4}% 45
\BOOKMARK [2][-]{subsection.4.7}{\376\377\000I\000n\000t\000e\000g\000r\000a\000t\000i\000o\000n\000\040\000P\000a\000t\000t\000e\000r\000n\000s}{section.4}% 46
\BOOKMARK [3][-]{subsubsection.4.7.1}{\376\377\000I\000D\000E\000\040\000I\000n\000t\000e\000g\000r\000a\000t\000i\000o\000n}{subsection.4.7}% 47
\BOOKMARK [3][-]{subsubsection.4.7.2}{\376\377\000A\000g\000e\000n\000t\000\040\000F\000r\000a\000m\000e\000w\000o\000r\000k\000\040\000I\000n\000t\000e\000g\000r\000a\000t\000i\000o\000n}{subsection.4.7}% 48
\BOOKMARK [2][-]{subsection.4.8}{\376\377\000P\000r\000o\000d\000u\000c\000t\000i\000o\000n\000\040\000D\000e\000p\000l\000o\000y\000m\000e\000n\000t}{section.4}% 49
\BOOKMARK [1][-]{section.5}{\376\377\000E\000m\000p\000i\000r\000i\000c\000a\000l\000\040\000R\000e\000s\000u\000l\000t\000s}{}% 50
\BOOKMARK [2][-]{subsection.5.1}{\376\377\000M\000e\000t\000h\000o\000d\000o\000l\000o\000g\000y}{section.5}% 51
\BOOKMARK [2][-]{subsection.5.2}{\376\377\000R\000e\000s\000u\000l\000t\000s}{section.5}% 52
\BOOKMARK [2][-]{subsection.5.3}{\376\377\000T\000h\000e\000\040\000U\000n\000i\000f\000i\000e\000d\000\040\000C\000o\000n\000f\000i\000d\000e\000n\000c\000e\000\040\000P\000a\000t\000t\000e\000r\000n}{section.5}% 53
\BOOKMARK [2][-]{subsection.5.4}{\376\377\000P\000a\000t\000t\000e\000r\000n\000\040\000A\000n\000a\000l\000y\000s\000i\000s}{section.5}% 54
\BOOKMARK [2][-]{subsection.5.5}{\376\377\000C\000a\000l\000i\000b\000r\000a\000t\000i\000o\000n\000\040\000C\000o\000r\000r\000e\000c\000t\000i\000o\000n}{section.5}% 55
\BOOKMARK [2][-]{subsection.5.6}{\376\377\000C\000a\000l\000i\000b\000r\000a\000t\000i\000o\000n\000\040\000C\000o\000n\000v\000e\000r\000g\000e\000n\000c\000e}{section.5}% 56
\BOOKMARK [2][-]{subsection.5.7}{\376\377\000L\000i\000m\000i\000t\000a\000t\000i\000o\000n\000s}{section.5}% 57
\BOOKMARK [2][-]{subsection.5.8}{\376\377\000I\000m\000p\000l\000i\000c\000a\000t\000i\000o\000n\000s}{section.5}% 58
\BOOKMARK [1][-]{section.6}{\376\377\000T\000h\000e\000\040\000S\000e\000n\000t\000i\000n\000e\000l\000\040\000P\000r\000o\000t\000o\000c\000o\000l}{}% 59
\BOOKMARK [2][-]{subsection.6.1}{\376\377\000D\000e\000s\000i\000g\000n\000\040\000P\000r\000i\000n\000c\000i\000p\000l\000e\000s}{section.6}% 60
\BOOKMARK [3][-]{subsubsection.6.1.1}{\376\377\000G\000a\000t\000e\000,\000\040\000D\000o\000n\000'\000t\000\040\000F\000i\000l\000t\000e\000r}{subsection.6.1}% 61
\BOOKMARK [3][-]{subsubsection.6.1.2}{\376\377\000C\000a\000l\000i\000b\000r\000a\000t\000i\000o\000n\000-\000A\000w\000a\000r\000e}{subsection.6.1}% 62
\BOOKMARK [3][-]{subsubsection.6.1.3}{\376\377\000C\000o\000n\000s\000e\000r\000v\000a\000t\000i\000v\000e\000\040\000b\000y\000\040\000D\000e\000f\000a\000u\000l\000t}{subsection.6.1}% 63
\BOOKMARK [2][-]{subsection.6.2}{\376\377\000G\000a\000t\000e\000\040\000L\000o\000g\000i\000c}{section.6}% 64
\BOOKMARK [3][-]{subsubsection.6.2.1}{\376\377\000R\000e\000a\000d\000i\000n\000e\000s\000s\000\040\000C\000o\000n\000d\000i\000t\000i\000o\000n}{subsection.6.2}% 65
\BOOKMARK [3][-]{subsubsection.6.2.2}{\376\377\000E\000n\000g\000a\000g\000e\000m\000e\000n\000t\000\040\000O\000v\000e\000r\000r\000i\000d\000e}{subsection.6.2}% 66
\BOOKMARK [3][-]{subsubsection.6.2.3}{\376\377\000D\000e\000c\000i\000s\000i\000o\000n\000\040\000F\000l\000o\000w}{subsection.6.2}% 67
\BOOKMARK [2][-]{subsection.6.3}{\376\377\000T\000h\000e\000\040\000I\000n\000v\000e\000s\000t\000i\000g\000a\000t\000i\000o\000n\000\040\000L\000o\000o\000p}{section.6}% 68
\BOOKMARK [3][-]{subsubsection.6.3.1}{\376\377\000I\000n\000v\000e\000s\000t\000i\000g\000a\000t\000i\000o\000n\000\040\000A\000c\000t\000i\000o\000n\000s}{subsection.6.3}% 69
\BOOKMARK [3][-]{subsubsection.6.3.2}{\376\377\000R\000e\000-\000C\000H\000E\000C\000K}{subsection.6.3}% 70
\BOOKMARK [3][-]{subsubsection.6.3.3}{\376\377\000L\000o\000o\000p\000\040\000T\000e\000r\000m\000i\000n\000a\000t\000i\000o\000n}{subsection.6.3}% 71
\BOOKMARK [2][-]{subsection.6.4}{\376\377\000C\000a\000l\000i\000b\000r\000a\000t\000i\000o\000n\000\040\000F\000e\000e\000d\000b\000a\000c\000k}{section.6}% 72
\BOOKMARK [3][-]{subsubsection.6.4.1}{\376\377\000L\000e\000a\000r\000n\000i\000n\000g\000\040\000f\000r\000o\000m\000\040\000O\000u\000t\000c\000o\000m\000e\000s}{subsection.6.4}% 73
\BOOKMARK [3][-]{subsubsection.6.4.2}{\376\377\000C\000o\000r\000r\000e\000c\000t\000i\000o\000n\000\040\000E\000v\000o\000l\000u\000t\000i\000o\000n}{subsection.6.4}% 74
\BOOKMARK [3][-]{subsubsection.6.4.3}{\376\377\000P\000e\000r\000-\000V\000e\000c\000t\000o\000r\000\040\000C\000a\000l\000i\000b\000r\000a\000t\000i\000o\000n}{subsection.6.4}% 75
\BOOKMARK [2][-]{subsection.6.5}{\376\377\000C\000o\000n\000f\000i\000g\000u\000r\000a\000t\000i\000o\000n}{section.6}% 76
\BOOKMARK [3][-]{subsubsection.6.5.1}{\376\377\000T\000h\000r\000e\000s\000h\000o\000l\000d\000\040\000T\000u\000n\000i\000n\000g}{subsection.6.5}% 77
\BOOKMARK [3][-]{subsubsection.6.5.2}{\376\377\000O\000v\000e\000r\000r\000i\000d\000e\000\040\000M\000e\000c\000h\000a\000n\000i\000s\000m\000s}{subsection.6.5}% 78
\BOOKMARK [2][-]{subsection.6.6}{\376\377\000E\000m\000p\000i\000r\000i\000c\000a\000l\000\040\000P\000e\000r\000f\000o\000r\000m\000a\000n\000c\000e}{section.6}% 79
\BOOKMARK [2][-]{subsection.6.7}{\376\377\000S\000u\000m\000m\000a\000r\000y}{section.6}% 80
\BOOKMARK [1][-]{section.7}{\376\377\000D\000i\000s\000c\000u\000s\000s\000i\000o\000n}{}% 81
\BOOKMARK [2][-]{subsection.7.1}{\376\377\000W\000h\000a\000t\000\040\000t\000h\000e\000\040\000L\000e\000a\000r\000n\000i\000n\000g\000\040\000D\000e\000l\000t\000a\000\040\000M\000e\000a\000n\000s}{section.7}% 82
\BOOKMARK [3][-]{subsubsection.7.1.1}{\376\377\000T\000h\000e\000\040\000L\000e\000a\000r\000n\000i\000n\000g\000\040\000I\000n\000t\000e\000r\000p\000r\000e\000t\000a\000t\000i\000o\000n}{subsection.7.1}% 83
\BOOKMARK [3][-]{subsubsection.7.1.2}{\376\377\000T\000h\000e\000\040\000C\000a\000l\000i\000b\000r\000a\000t\000i\000o\000n\000\040\000I\000n\000t\000e\000r\000p\000r\000e\000t\000a\000t\000i\000o\000n}{subsection.7.1}% 84
\BOOKMARK [3][-]{subsubsection.7.1.3}{\376\377\000T\000h\000e\000\040\000P\000r\000a\000g\000m\000a\000t\000i\000c\000\040\000V\000i\000e\000w}{subsection.7.1}% 85
\BOOKMARK [2][-]{subsection.7.2}{\376\377\000I\000m\000p\000l\000i\000c\000a\000t\000i\000o\000n\000s\000\040\000f\000o\000r\000\040\000A\000I\000\040\000D\000e\000p\000l\000o\000y\000m\000e\000n\000t}{section.7}% 86
\BOOKMARK [3][-]{subsubsection.7.2.1}{\376\377\000A\000g\000a\000i\000n\000s\000t\000\040\000t\000h\000e\000\040\000E\000x\000e\000c\000u\000t\000i\000o\000n\000-\000L\000a\000y\000e\000r\000\040\000M\000o\000d\000e\000l}{subsection.7.2}% 87
\BOOKMARK [3][-]{subsubsection.7.2.2}{\376\377\000E\000p\000i\000s\000t\000e\000m\000i\000c\000\040\000G\000a\000t\000i\000n\000g\000\040\000a\000s\000\040\000S\000a\000f\000e\000t\000y\000\040\000M\000e\000c\000h\000a\000n\000i\000s\000m}{subsection.7.2}% 88
\BOOKMARK [3][-]{subsubsection.7.2.3}{\376\377\000C\000a\000l\000i\000b\000r\000a\000t\000i\000o\000n\000\040\000a\000s\000\040\000C\000o\000n\000t\000i\000n\000u\000o\000u\000s\000\040\000L\000e\000a\000r\000n\000i\000n\000g}{subsection.7.2}% 89
\BOOKMARK [2][-]{subsection.7.3}{\376\377\000I\000m\000p\000l\000i\000c\000a\000t\000i\000o\000n\000s\000\040\000f\000o\000r\000\040\000A\000I\000\040\000A\000l\000i\000g\000n\000m\000e\000n\000t}{section.7}% 90
\BOOKMARK [3][-]{subsubsection.7.3.1}{\376\377\000T\000r\000a\000i\000n\000i\000n\000g\000-\000I\000n\000d\000u\000c\000e\000d\000\040\000C\000o\000n\000s\000e\000r\000v\000a\000t\000i\000s\000m}{subsection.7.3}% 91
\BOOKMARK [3][-]{subsubsection.7.3.2}{\376\377\000T\000h\000e\000\040\000E\000n\000g\000a\000g\000e\000m\000e\000n\000t\000\040\000D\000i\000m\000e\000n\000s\000i\000o\000n}{subsection.7.3}% 92
\BOOKMARK [2][-]{subsection.7.4}{\376\377\000L\000i\000m\000i\000t\000a\000t\000i\000o\000n\000s}{section.7}% 93
\BOOKMARK [3][-]{subsubsection.7.4.1}{\376\377\000F\000u\000n\000c\000t\000i\000o\000n\000a\000l\000\040\000M\000e\000a\000s\000u\000r\000e\000m\000e\000n\000t\000,\000\040\000N\000o\000t\000\040\000I\000n\000t\000r\000o\000s\000p\000e\000c\000t\000i\000o\000n}{subsection.7.4}% 94
\BOOKMARK [3][-]{subsubsection.7.4.2}{\376\377\000M\000o\000d\000e\000l\000\040\000C\000o\000n\000c\000e\000n\000t\000r\000a\000t\000i\000o\000n}{subsection.7.4}% 95
\BOOKMARK [3][-]{subsubsection.7.4.3}{\376\377\000T\000a\000s\000k\000\040\000D\000i\000s\000t\000r\000i\000b\000u\000t\000i\000o\000n}{subsection.7.4}% 96
\BOOKMARK [3][-]{subsubsection.7.4.4}{\376\377\000T\000e\000m\000p\000o\000r\000a\000l\000\040\000C\000o\000n\000f\000o\000u\000n\000d\000i\000n\000g}{subsection.7.4}% 97
\BOOKMARK [2][-]{subsection.7.5}{\376\377\000F\000u\000t\000u\000r\000e\000\040\000W\000o\000r\000k}{section.7}% 98
\BOOKMARK [3][-]{subsubsection.7.5.1}{\376\377\000E\000x\000t\000e\000r\000n\000a\000l\000\040\000V\000a\000l\000i\000d\000a\000t\000i\000o\000n}{subsection.7.5}% 99
\BOOKMARK [3][-]{subsubsection.7.5.2}{\376\377\000M\000e\000c\000h\000a\000n\000i\000s\000t\000i\000c\000\040\000I\000n\000t\000e\000r\000p\000r\000e\000t\000a\000b\000i\000l\000i\000t\000y}{subsection.7.5}% 100
\BOOKMARK [3][-]{subsubsection.7.5.3}{\376\377\000A\000d\000a\000p\000t\000i\000v\000e\000\040\000T\000h\000r\000e\000s\000h\000o\000l\000d\000\040\000L\000e\000a\000r\000n\000i\000n\000g}{subsection.7.5}% 101
\BOOKMARK [3][-]{subsubsection.7.5.4}{\376\377\000L\000e\000a\000r\000n\000i\000n\000g\000\040\000C\000a\000p\000a\000b\000i\000l\000i\000t\000y\000\040\000B\000e\000n\000c\000h\000m\000a\000r\000k\000s}{subsection.7.5}% 102
\BOOKMARK [3][-]{subsubsection.7.5.5}{\376\377\000C\000r\000o\000s\000s\000-\000M\000o\000d\000e\000l\000\040\000S\000t\000u\000d\000i\000e\000s}{subsection.7.5}% 103
\BOOKMARK [3][-]{subsubsection.7.5.6}{\376\377\000M\000u\000l\000t\000i\000-\000A\000g\000e\000n\000t\000\040\000E\000p\000i\000s\000t\000e\000m\000i\000c\000\040\000C\000o\000o\000r\000d\000i\000n\000a\000t\000i\000o\000n}{subsection.7.5}% 104
\BOOKMARK [3][-]{subsubsection.7.5.7}{\376\377\000L\000o\000n\000g\000-\000T\000e\000r\000m\000\040\000E\000p\000i\000s\000t\000e\000m\000i\000c\000\040\000M\000e\000m\000o\000r\000y}{subsection.7.5}% 105
\BOOKMARK [3][-]{subsubsection.7.5.8}{\376\377\000D\000o\000m\000a\000i\000n\000\040\000E\000x\000p\000a\000n\000s\000i\000o\000n}{subsection.7.5}% 106
\BOOKMARK [3][-]{subsubsection.7.5.9}{\376\377\000A\000l\000i\000g\000n\000m\000e\000n\000t\000\040\000A\000p\000p\000l\000i\000c\000a\000t\000i\000o\000n\000s}{subsection.7.5}% 107
\BOOKMARK [3][-]{subsubsection.7.5.10}{\376\377\000R\000e\000a\000l\000-\000T\000i\000m\000e\000\040\000a\000n\000d\000\040\000S\000t\000r\000e\000a\000m\000i\000n\000g\000\040\000A\000p\000p\000l\000i\000c\000a\000t\000i\000o\000n\000s}{subsection.7.5}% 108
\BOOKMARK [2][-]{subsection.7.6}{\376\377\000S\000u\000m\000m\000a\000r\000y}{section.7}% 109
\BOOKMARK [1][-]{section.8}{\376\377\000C\000o\000n\000c\000l\000u\000s\000i\000o\000n}{}% 110
\BOOKMARK [2][-]{subsection.8.1}{\376\377\000S\000u\000m\000m\000a\000r\000y\000\040\000o\000f\000\040\000C\000o\000n\000t\000r\000i\000b\000u\000t\000i\000o\000n\000s}{section.8}% 111
\BOOKMARK [2][-]{subsection.8.2}{\376\377\000T\000h\000e\000\040\000C\000o\000r\000e\000\040\000C\000l\000a\000i\000m}{section.8}% 112
\BOOKMARK [2][-]{subsection.8.3}{\376\377\000I\000m\000p\000l\000i\000c\000a\000t\000i\000o\000n\000s}{section.8}% 113
\BOOKMARK [2][-]{subsection.8.4}{\376\377\000T\000h\000e\000\040\000D\000e\000l\000t\000a}{section.8}% 114
